<?xml version="1.0" encoding="UTF-8"?>
<testng-results skipped="1" failed="0" total="1" passed="0">
  <reporter-output>
  </reporter-output>
  <suite name="Default suite" duration-ms="25188" started-at="2020-01-29T10:30:09Z" finished-at="2020-01-29T10:30:35Z">
    <groups>
    </groups>
    <test name="Default test" duration-ms="25188" started-at="2020-01-29T10:30:09Z" finished-at="2020-01-29T10:30:35Z">
      <class name="jsonproject.DDTestUsingJson">
        <test-method status="PASS" signature="setup()[pri:0, instance:jsonproject.DDTestUsingJson@3fee9989]" name="setup" is-config="true" duration-ms="24580" started-at="2020-01-29T16:00:09Z" finished-at="2020-01-29T16:00:34Z">
          <reporter-output>
          </reporter-output>
        </test-method> <!-- setup -->
        <test-method status="SKIP" signature="login(java.lang.String)[pri:0, instance:jsonproject.DDTestUsingJson@3fee9989]" name="login" duration-ms="0" started-at="2020-01-29T16:00:34Z" data-provider="dp" finished-at="2020-01-29T16:00:34Z">
          <exception class="org.testng.TestNGException">
            <message>
              <![CDATA[
Data Provider public java.lang.String[] jsonproject.DDTestUsingJson.readJson() throws java.io.IOException,org.json.simple.parser.ParseException must return either Object[][] or Iterator<Object>[], not class [Ljava.lang.String;]]>
            </message>
            <full-stacktrace>
              <![CDATA[org.testng.TestNGException: 
Data Provider public java.lang.String[] jsonproject.DDTestUsingJson.readJson() throws java.io.IOException,org.json.simple.parser.ParseException must return either Object[][] or Iterator<Object>[], not class [Ljava.lang.String;
	at org.testng.internal.MethodInvocationHelper.invokeDataProvider(MethodInvocationHelper.java:115)
	at org.testng.internal.Parameters.handleParameters(Parameters.java:429)
	at org.testng.internal.Invoker.handleParameters(Invoker.java:1240)
	at org.testng.internal.Invoker.createParameters(Invoker.java:980)
	at org.testng.internal.Invoker.invokeTestMethods(Invoker.java:1070)
	at org.testng.internal.TestMethodWorker.invokeTestMethods(TestMethodWorker.java:129)
	at org.testng.internal.TestMethodWorker.run(TestMethodWorker.java:112)
	at org.testng.TestRunner.privateRun(TestRunner.java:746)
	at org.testng.TestRunner.run(TestRunner.java:600)
	at org.testng.SuiteRunner.runTest(SuiteRunner.java:366)
	at org.testng.SuiteRunner.runSequentially(SuiteRunner.java:361)
	at org.testng.SuiteRunner.privateRun(SuiteRunner.java:319)
	at org.testng.SuiteRunner.run(SuiteRunner.java:268)
	at org.testng.SuiteRunnerWorker.runSuite(SuiteRunnerWorker.java:52)
	at org.testng.SuiteRunnerWorker.run(SuiteRunnerWorker.java:86)
	at org.testng.TestNG.runSuitesSequentially(TestNG.java:1264)
	at org.testng.TestNG.runSuitesLocally(TestNG.java:1189)
	at org.testng.TestNG.runSuites(TestNG.java:1104)
	at org.testng.TestNG.run(TestNG.java:1076)
	at org.testng.remote.AbstractRemoteTestNG.run(AbstractRemoteTestNG.java:126)
	at org.testng.remote.RemoteTestNG.initAndRun(RemoteTestNG.java:152)
	at org.testng.remote.RemoteTestNG.main(RemoteTestNG.java:57)
]]>
            </full-stacktrace>
          </exception> <!-- org.testng.TestNGException -->
          <reporter-output>
          </reporter-output>
        </test-method> <!-- login -->
        <test-method status="PASS" signature="teardown()[pri:0, instance:jsonproject.DDTestUsingJson@3fee9989]" name="teardown" is-config="true" duration-ms="552" started-at="2020-01-29T16:00:34Z" finished-at="2020-01-29T16:00:35Z">
          <reporter-output>
          </reporter-output>
        </test-method> <!-- teardown -->
      </class> <!-- jsonproject.DDTestUsingJson -->
    </test> <!-- Default test -->
  </suite> <!-- Default suite -->
</testng-results>
